{
  level: 'info',
  message: 'HTTP GET /v1/api/ticketcategory/transferticket',
  metadata: {
    meta: {
      req: {
        url: '/v1/api/ticketcategory/transferticket',
        headers: {
          token: 'eyJhbGciOiJIUzI1NiIsInR5cCI6IkpXVCJ9.eyJwaG9uZV9udW1iZXIiOiIxMTExMTIyMjIyIiwiaWF0IjoxNjk1NzkwODc0LCJleHAiOjE2OTY1Njg0NzR9.52Y1wDLSsl2qlbgWsedOcPeeGiGkOkEfU9UhYvacAlc',
          'user-agent': 'PostmanRuntime/7.33.0',
          accept: '*/*',
          'cache-control': 'no-cache',
          'postman-token': 'e9bf9054-49d7-435a-b0ad-fc4cb8ddfcc5',
          host: 'localhost:8000',
          'accept-encoding': 'gzip, deflate, br',
          connection: 'keep-alive',
          cookie: 'token=eyJhbGciOiJIUzI1NiIsInR5cCI6IkpXVCJ9.eyJwaG9uZV9udW1iZXIiOiIxMTExMTIyMjIyIiwiaWF0IjoxNjk1NzkwODc0LCJleHAiOjE2OTY1Njg0NzR9.52Y1wDLSsl2qlbgWsedOcPeeGiGkOkEfU9UhYvacAlc'
        },
        method: 'GET',
        httpVersion: '1.1',
        originalUrl: '/v1/api/ticketcategory/transferticket',
        query: {}
      },
      res: { statusCode: 200 },
      responseTime: 102
    },
    timestamp: '2023-09-27T05:22:22.570Z'
  }
}
{
  level: 'info',
  message: 'HTTP GET /v1/api/ticketcategory/transferticket',
  metadata: {
    meta: {
      req: {
        url: '/v1/api/ticketcategory/transferticket',
        headers: {
          token: 'eyJhbGciOiJIUzI1NiIsInR5cCI6IkpXVCJ9.eyJwaG9uZV9udW1iZXIiOiIxMTExMTIyMjIyIiwiaWF0IjoxNjk1NzkwODc0LCJleHAiOjE2OTY1Njg0NzR9.52Y1wDLSsl2qlbgWsedOcPeeGiGkOkEfU9UhYvacAlc',
          'user-agent': 'PostmanRuntime/7.33.0',
          accept: '*/*',
          'cache-control': 'no-cache',
          'postman-token': 'afa7828f-533a-4175-ad99-b8a6a7760a54',
          host: 'localhost:8000',
          'accept-encoding': 'gzip, deflate, br',
          connection: 'keep-alive',
          cookie: 'token=eyJhbGciOiJIUzI1NiIsInR5cCI6IkpXVCJ9.eyJwaG9uZV9udW1iZXIiOiIxMTExMTIyMjIyIiwiaWF0IjoxNjk1NzkwODc0LCJleHAiOjE2OTY1Njg0NzR9.52Y1wDLSsl2qlbgWsedOcPeeGiGkOkEfU9UhYvacAlc'
        },
        method: 'GET',
        httpVersion: '1.1',
        originalUrl: '/v1/api/ticketcategory/transferticket',
        query: {}
      },
      res: { statusCode: 200 },
      responseTime: 111
    },
    timestamp: '2023-09-27T05:25:57.033Z'
  }
}
{
  level: 'info',
  message: 'HTTP GET /v1/api/ticketcategory/transferticket',
  metadata: {
    meta: {
      req: {
        url: '/v1/api/ticketcategory/transferticket',
        headers: {
          token: 'eyJhbGciOiJIUzI1NiIsInR5cCI6IkpXVCJ9.eyJwaG9uZV9udW1iZXIiOiIxMTExMTIyMjIyIiwiaWF0IjoxNjk1NzkwODc0LCJleHAiOjE2OTY1Njg0NzR9.52Y1wDLSsl2qlbgWsedOcPeeGiGkOkEfU9UhYvacAlc',
          'user-agent': 'PostmanRuntime/7.33.0',
          accept: '*/*',
          'cache-control': 'no-cache',
          'postman-token': '5ef3f315-2235-4642-b1da-c3381b6fc78b',
          host: 'localhost:8000',
          'accept-encoding': 'gzip, deflate, br',
          connection: 'keep-alive',
          cookie: 'token=eyJhbGciOiJIUzI1NiIsInR5cCI6IkpXVCJ9.eyJwaG9uZV9udW1iZXIiOiIxMTExMTIyMjIyIiwiaWF0IjoxNjk1NzkwODc0LCJleHAiOjE2OTY1Njg0NzR9.52Y1wDLSsl2qlbgWsedOcPeeGiGkOkEfU9UhYvacAlc'
        },
        method: 'GET',
        httpVersion: '1.1',
        originalUrl: '/v1/api/ticketcategory/transferticket',
        query: {}
      },
      res: { statusCode: 200 },
      responseTime: 99
    },
    timestamp: '2023-09-27T05:27:59.177Z'
  }
}
{
  level: 'info',
  message: 'Request: GET /v1/api/ticketcategory/transferticket from ::1',
  metadata: { timestamp: '2023-09-27T05:30:27.156Z' }
}
{
  level: 'info',
  message: 'HTTP GET /v1/api/ticketcategory/transferticket',
  metadata: {
    meta: {
      req: {
        url: '/v1/api/ticketcategory/transferticket',
        headers: {
          token: 'eyJhbGciOiJIUzI1NiIsInR5cCI6IkpXVCJ9.eyJwaG9uZV9udW1iZXIiOiIxMTExMTIyMjIyIiwiaWF0IjoxNjk1NzkwODc0LCJleHAiOjE2OTY1Njg0NzR9.52Y1wDLSsl2qlbgWsedOcPeeGiGkOkEfU9UhYvacAlc',
          'user-agent': 'PostmanRuntime/7.33.0',
          accept: '*/*',
          'cache-control': 'no-cache',
          'postman-token': '02aae0a3-0c67-462c-9c98-c40cd8ff442f',
          host: 'localhost:8000',
          'accept-encoding': 'gzip, deflate, br',
          connection: 'keep-alive',
          cookie: 'token=eyJhbGciOiJIUzI1NiIsInR5cCI6IkpXVCJ9.eyJwaG9uZV9udW1iZXIiOiIxMTExMTIyMjIyIiwiaWF0IjoxNjk1NzkwODc0LCJleHAiOjE2OTY1Njg0NzR9.52Y1wDLSsl2qlbgWsedOcPeeGiGkOkEfU9UhYvacAlc'
        },
        method: 'GET',
        httpVersion: '1.1',
        originalUrl: '/v1/api/ticketcategory/transferticket',
        query: {}
      },
      res: { statusCode: 200 },
      responseTime: 126
    },
    timestamp: '2023-09-27T05:30:27.354Z'
  }
}
{
  level: 'info',
  message: 'Request: GET /v1/api/ticketcategory/transferticket from ::1',
  metadata: { timestamp: '2023-09-27T05:31:10.734Z' }
}
{
  level: 'info',
  message: 'HTTP GET /v1/api/ticketcategory/transferticket',
  metadata: {
    meta: {
      req: {
        url: '/v1/api/ticketcategory/transferticket',
        headers: {
          token: 'eyJhbGciOiJIUzI1NiIsInR5cCI6IkpXVCJ9.eyJwaG9uZV9udW1iZXIiOiIxMTExMTIyMjIyIiwiaWF0IjoxNjk1NzkwODc0LCJleHAiOjE2OTY1Njg0NzR9.52Y1wDLSsl2qlbgWsedOcPeeGiGkOkEfU9UhYvacAlc',
          'user-agent': 'PostmanRuntime/7.33.0',
          accept: '*/*',
          'cache-control': 'no-cache',
          'postman-token': '264ed732-1da0-4607-b92f-babe62060445',
          host: 'localhost:8000',
          'accept-encoding': 'gzip, deflate, br',
          connection: 'keep-alive',
          cookie: 'token=eyJhbGciOiJIUzI1NiIsInR5cCI6IkpXVCJ9.eyJwaG9uZV9udW1iZXIiOiIxMTExMTIyMjIyIiwiaWF0IjoxNjk1NzkwODc0LCJleHAiOjE2OTY1Njg0NzR9.52Y1wDLSsl2qlbgWsedOcPeeGiGkOkEfU9UhYvacAlc'
        },
        method: 'GET',
        httpVersion: '1.1',
        originalUrl: '/v1/api/ticketcategory/transferticket',
        query: {}
      },
      res: { statusCode: 200 },
      responseTime: 99
    },
    timestamp: '2023-09-27T05:31:10.843Z'
  }
}
{
  level: 'info',
  message: 'Request: GET /v1/api/ticketcategory/transferticket from ::1',
  metadata: { timestamp: '2023-09-27T05:34:03.164Z' }
}
{
  level: 'info',
  message: 'HTTP GET /v1/api/ticketcategory/transferticket',
  metadata: {
    meta: {
      req: {
        url: '/v1/api/ticketcategory/transferticket',
        headers: {
          token: 'eyJhbGciOiJIUzI1NiIsInR5cCI6IkpXVCJ9.eyJwaG9uZV9udW1iZXIiOiIxMTExMTIyMjIyIiwiaWF0IjoxNjk1NzkwODc0LCJleHAiOjE2OTY1Njg0NzR9.52Y1wDLSsl2qlbgWsedOcPeeGiGkOkEfU9UhYvacAlc',
          'user-agent': 'PostmanRuntime/7.33.0',
          accept: '*/*',
          'cache-control': 'no-cache',
          'postman-token': 'ae3e07b7-4ae7-4e6d-921a-ffef3b739365',
          host: 'localhost:8000',
          'accept-encoding': 'gzip, deflate, br',
          connection: 'keep-alive',
          cookie: 'token=eyJhbGciOiJIUzI1NiIsInR5cCI6IkpXVCJ9.eyJwaG9uZV9udW1iZXIiOiIxMTExMTIyMjIyIiwiaWF0IjoxNjk1NzkwODc0LCJleHAiOjE2OTY1Njg0NzR9.52Y1wDLSsl2qlbgWsedOcPeeGiGkOkEfU9UhYvacAlc'
        },
        method: 'GET',
        httpVersion: '1.1',
        originalUrl: '/v1/api/ticketcategory/transferticket',
        query: {}
      },
      res: { statusCode: 200 },
      responseTime: 110
    },
    timestamp: '2023-09-27T05:34:03.284Z'
  }
}
{
  level: 'info',
  message: 'Request: GET /v1/api/ticketcategory/statics from ::1',
  metadata: { timestamp: '2023-09-27T05:50:49.016Z' }
}
{
  level: 'warn',
  message: 'HTTP GET /v1/api/ticketcategory/statics',
  metadata: {
    meta: {
      req: {
        url: '/v1/api/ticketcategory/statics',
        headers: {
          'user-agent': 'PostmanRuntime/7.33.0',
          accept: '*/*',
          'cache-control': 'no-cache',
          'postman-token': '28bb2c03-f5a1-4894-a1e2-13a8b5179c9c',
          host: 'localhost:8000',
          'accept-encoding': 'gzip, deflate, br',
          connection: 'keep-alive',
          cookie: 'token=eyJhbGciOiJIUzI1NiIsInR5cCI6IkpXVCJ9.eyJwaG9uZV9udW1iZXIiOiIxMTExMTIyMjIyIiwiaWF0IjoxNjk1NzkwODc0LCJleHAiOjE2OTY1Njg0NzR9.52Y1wDLSsl2qlbgWsedOcPeeGiGkOkEfU9UhYvacAlc'
        },
        method: 'GET',
        httpVersion: '1.1',
        originalUrl: '/v1/api/ticketcategory/statics',
        query: {}
      },
      res: { statusCode: 403 },
      responseTime: 11
    },
    timestamp: '2023-09-27T05:50:49.032Z'
  }
}
{
  level: 'info',
  message: 'Request: GET /v1/api/ticketcategory/statics from ::1',
  metadata: { timestamp: '2023-09-27T05:51:45.644Z' }
}
{
  level: 'warn',
  message: 'HTTP GET /v1/api/ticketcategory/statics',
  metadata: {
    meta: {
      req: {
        url: '/v1/api/ticketcategory/statics',
        headers: {
          'user-agent': 'PostmanRuntime/7.33.0',
          accept: '*/*',
          'cache-control': 'no-cache',
          'postman-token': '11e915e9-0f6f-487a-b393-a3965de1fde6',
          host: 'localhost:8000',
          'accept-encoding': 'gzip, deflate, br',
          connection: 'keep-alive',
          cookie: 'token=eyJhbGciOiJIUzI1NiIsInR5cCI6IkpXVCJ9.eyJwaG9uZV9udW1iZXIiOiIxMTExMTIyMjIyIiwiaWF0IjoxNjk1NzkwODc0LCJleHAiOjE2OTY1Njg0NzR9.52Y1wDLSsl2qlbgWsedOcPeeGiGkOkEfU9UhYvacAlc'
        },
        method: 'GET',
        httpVersion: '1.1',
        originalUrl: '/v1/api/ticketcategory/statics',
        query: {}
      },
      res: { statusCode: 403 },
      responseTime: 7
    },
    timestamp: '2023-09-27T05:51:45.658Z'
  }
}
{
  level: 'info',
  message: 'Request: GET /v1/api/guard/scanlogs from ::1',
  metadata: { timestamp: '2023-09-27T05:52:18.657Z' }
}
{
  level: 'warn',
  message: 'HTTP GET /v1/api/guard/scanlogs',
  metadata: {
    meta: {
      req: {
        url: '/v1/api/guard/scanlogs',
        headers: {
          token: 'eyJhbGciOiJIUzI1NiIsInR5cCI6IkpXVCJ9.eyJwaG9uZV9udW1iZXIiOiIxMTExMTIyMjIyIiwiaWF0IjoxNjk1NzkwODc0LCJleHAiOjE2OTY1Njg0NzR9.52Y1wDLSsl2qlbgWsedOcPeeGiGkOkEfU9UhYvacAlc',
          'user-agent': 'PostmanRuntime/7.33.0',
          accept: '*/*',
          'cache-control': 'no-cache',
          'postman-token': '3ac71384-ed70-45e3-9514-7a2d655a330f',
          host: 'localhost:8000',
          'accept-encoding': 'gzip, deflate, br',
          connection: 'keep-alive',
          cookie: 'token=eyJhbGciOiJIUzI1NiIsInR5cCI6IkpXVCJ9.eyJwaG9uZV9udW1iZXIiOiIxMTExMTIyMjIyIiwiaWF0IjoxNjk1NzkwODc0LCJleHAiOjE2OTY1Njg0NzR9.52Y1wDLSsl2qlbgWsedOcPeeGiGkOkEfU9UhYvacAlc'
        },
        method: 'GET',
        httpVersion: '1.1',
        originalUrl: '/v1/api/guard/scanlogs',
        query: {}
      },
      res: { statusCode: 403 },
      responseTime: 77
    },
    timestamp: '2023-09-27T05:52:18.736Z'
  }
}
{
  level: 'info',
  message: 'Request: GET /v1/api/guard/scanlogs from ::1',
  metadata: { timestamp: '2023-09-27T05:52:28.246Z' }
}
{
  level: 'info',
  message: 'HTTP GET /v1/api/guard/scanlogs',
  metadata: {
    meta: {
      req: {
        url: '/v1/api/guard/scanlogs',
        headers: {
          token: 'eyJhbGciOiJIUzI1NiIsInR5cCI6IkpXVCJ9.eyJwaG9uZV9udW1iZXIiOiI5Njg3MDU4Nzg3IiwiaWF0IjoxNjk1NzAyMDUxLCJleHAiOjE2OTY0Nzk2NTF9.bh1Te7EyYGGwRIG6CtJxrn5ebr0u0WWLYeu-k-uBOkc',
          'user-agent': 'PostmanRuntime/7.33.0',
          accept: '*/*',
          'cache-control': 'no-cache',
          'postman-token': '8583f767-81b0-41f2-aa7a-e59ae24de8e7',
          host: 'localhost:8000',
          'accept-encoding': 'gzip, deflate, br',
          connection: 'keep-alive',
          cookie: 'token=eyJhbGciOiJIUzI1NiIsInR5cCI6IkpXVCJ9.eyJwaG9uZV9udW1iZXIiOiIxMTExMTIyMjIyIiwiaWF0IjoxNjk1NzkwODc0LCJleHAiOjE2OTY1Njg0NzR9.52Y1wDLSsl2qlbgWsedOcPeeGiGkOkEfU9UhYvacAlc'
        },
        method: 'GET',
        httpVersion: '1.1',
        originalUrl: '/v1/api/guard/scanlogs',
        query: {}
      },
      res: { statusCode: 200 },
      responseTime: 636
    },
    timestamp: '2023-09-27T05:52:28.885Z'
  }
}
